2022-03-14 23:06:42.8354||INFO|Zenoti.MessageBroker.Kafka.Consumer.KafkaBackgroundConsumer|Integration.Consumer.ResponseHandler.CodatResponseHandler 
2022-03-14 23:06:43.8506||INFO|Zenoti.MessageBroker.Kafka.Consumer.KafkaBackgroundConsumer|Integration.Consumer.ResponseHandler.CodatResponseHandler 
2022-03-14 23:06:44.8636||INFO|Zenoti.MessageBroker.Kafka.Consumer.KafkaBackgroundConsumer|Integration.Consumer.ResponseHandler.CodatResponseHandler 
2022-03-14 23:06:45.8806||INFO|Zenoti.MessageBroker.Kafka.Consumer.KafkaBackgroundConsumer|Integration.Consumer.ResponseHandler.CodatResponseHandler 
2022-03-14 23:06:46.8928||INFO|Zenoti.MessageBroker.Kafka.Consumer.KafkaBackgroundConsumer|Integration.Consumer.ResponseHandler.CodatResponseHandler 
2022-03-14 23:06:47.9048||INFO|Zenoti.MessageBroker.Kafka.Consumer.KafkaBackgroundConsumer|Integration.Consumer.ResponseHandler.CodatResponseHandler 
2022-03-14 23:06:48.9214||INFO|Zenoti.MessageBroker.Kafka.Consumer.KafkaBackgroundConsumer|Integration.Consumer.ResponseHandler.CodatResponseHandler 
2022-03-14 23:06:49.9335||INFO|Zenoti.MessageBroker.Kafka.Consumer.KafkaBackgroundConsumer|Integration.Consumer.ResponseHandler.CodatResponseHandler 
2022-03-14 23:06:50.9501||INFO|Zenoti.MessageBroker.Kafka.Consumer.KafkaBackgroundConsumer|Integration.Consumer.ResponseHandler.CodatResponseHandler 
2022-03-14 23:06:51.9655||INFO|Zenoti.MessageBroker.Kafka.Consumer.KafkaBackgroundConsumer|Integration.Consumer.ResponseHandler.CodatResponseHandler 
2022-03-14 23:06:52.9803||INFO|Zenoti.MessageBroker.Kafka.Consumer.KafkaBackgroundConsumer|Integration.Consumer.ResponseHandler.CodatResponseHandler 
2022-03-14 23:06:53.9856||INFO|Zenoti.MessageBroker.Kafka.Consumer.KafkaBackgroundConsumer|Integration.Consumer.ResponseHandler.CodatResponseHandler 
2022-03-14 23:06:54.9971||INFO|Zenoti.MessageBroker.Kafka.Consumer.KafkaBackgroundConsumer|Integration.Consumer.ResponseHandler.CodatResponseHandler 
2022-03-14 23:06:56.0154||INFO|Zenoti.MessageBroker.Kafka.Consumer.KafkaBackgroundConsumer|Integration.Consumer.ResponseHandler.CodatResponseHandler 
2022-03-14 23:06:57.0300||INFO|Zenoti.MessageBroker.Kafka.Consumer.KafkaBackgroundConsumer|Integration.Consumer.ResponseHandler.CodatResponseHandler 
2022-03-14 23:06:58.0354||INFO|Zenoti.MessageBroker.Kafka.Consumer.KafkaBackgroundConsumer|Integration.Consumer.ResponseHandler.CodatResponseHandler 
2022-03-14 23:06:59.0530||INFO|Zenoti.MessageBroker.Kafka.Consumer.KafkaBackgroundConsumer|Integration.Consumer.ResponseHandler.CodatResponseHandler 
2022-03-14 23:07:00.0658||INFO|Zenoti.MessageBroker.Kafka.Consumer.KafkaBackgroundConsumer|Integration.Consumer.ResponseHandler.CodatResponseHandler 
2022-03-14 23:07:01.0727||INFO|Zenoti.MessageBroker.Kafka.Consumer.KafkaBackgroundConsumer|Integration.Consumer.ResponseHandler.CodatResponseHandler 
2022-03-14 23:07:02.0903||INFO|Zenoti.MessageBroker.Kafka.Consumer.KafkaBackgroundConsumer|Integration.Consumer.ResponseHandler.CodatResponseHandler 
2022-03-14 23:07:03.1057||INFO|Zenoti.MessageBroker.Kafka.Consumer.KafkaBackgroundConsumer|Integration.Consumer.ResponseHandler.CodatResponseHandler 
2022-03-14 23:07:04.1261||INFO|Zenoti.MessageBroker.Kafka.Consumer.KafkaBackgroundConsumer|Integration.Consumer.ResponseHandler.CodatResponseHandler 
2022-03-14 23:07:05.1309||INFO|Zenoti.MessageBroker.Kafka.Consumer.KafkaBackgroundConsumer|Integration.Consumer.ResponseHandler.CodatResponseHandler 
2022-03-14 23:07:06.1517||INFO|Zenoti.MessageBroker.Kafka.Consumer.KafkaBackgroundConsumer|Integration.Consumer.ResponseHandler.CodatResponseHandler 
2022-03-14 23:07:07.1702||INFO|Zenoti.MessageBroker.Kafka.Consumer.KafkaBackgroundConsumer|Integration.Consumer.ResponseHandler.CodatResponseHandler 
2022-03-14 23:07:08.1831||INFO|Zenoti.MessageBroker.Kafka.Consumer.KafkaBackgroundConsumer|Integration.Consumer.ResponseHandler.CodatResponseHandler 
2022-03-14 23:07:09.1867||INFO|Zenoti.MessageBroker.Kafka.Consumer.KafkaBackgroundConsumer|Integration.Consumer.ResponseHandler.CodatResponseHandler 
2022-03-14 23:07:10.1912||INFO|Zenoti.MessageBroker.Kafka.Consumer.KafkaBackgroundConsumer|Integration.Consumer.ResponseHandler.CodatResponseHandler 
2022-03-14 23:07:11.1958||INFO|Zenoti.MessageBroker.Kafka.Consumer.KafkaBackgroundConsumer|Integration.Consumer.ResponseHandler.CodatResponseHandler 
2022-03-14 23:07:12.2120||INFO|Zenoti.MessageBroker.Kafka.Consumer.KafkaBackgroundConsumer|Integration.Consumer.ResponseHandler.CodatResponseHandler 
2022-03-14 23:07:13.2259||INFO|Zenoti.MessageBroker.Kafka.Consumer.KafkaBackgroundConsumer|Integration.Consumer.ResponseHandler.CodatResponseHandler 
2022-03-14 23:07:14.2410||INFO|Zenoti.MessageBroker.Kafka.Consumer.KafkaBackgroundConsumer|Integration.Consumer.ResponseHandler.CodatResponseHandler 
2022-03-14 23:07:15.2491||INFO|Zenoti.MessageBroker.Kafka.Consumer.KafkaBackgroundConsumer|Integration.Consumer.ResponseHandler.CodatResponseHandler 
2022-03-14 23:07:16.2783||INFO|Zenoti.MessageBroker.Kafka.Consumer.KafkaBackgroundConsumer|Integration.Consumer.ResponseHandler.CodatResponseHandler 
2022-03-14 23:07:17.2900||INFO|Zenoti.MessageBroker.Kafka.Consumer.KafkaBackgroundConsumer|Integration.Consumer.ResponseHandler.CodatResponseHandler 
2022-03-14 23:07:18.3069||INFO|Zenoti.MessageBroker.Kafka.Consumer.KafkaBackgroundConsumer|Integration.Consumer.ResponseHandler.CodatResponseHandler 
2022-03-14 23:07:19.3155||INFO|Zenoti.MessageBroker.Kafka.Consumer.KafkaBackgroundConsumer|Integration.Consumer.ResponseHandler.CodatResponseHandler 
2022-03-14 23:07:20.3279||INFO|Zenoti.MessageBroker.Kafka.Consumer.KafkaBackgroundConsumer|Integration.Consumer.ResponseHandler.CodatResponseHandler 
2022-03-14 23:07:21.3443||INFO|Zenoti.MessageBroker.Kafka.Consumer.KafkaBackgroundConsumer|Integration.Consumer.ResponseHandler.CodatResponseHandler 
2022-03-14 23:07:22.3653||INFO|Zenoti.MessageBroker.Kafka.Consumer.KafkaBackgroundConsumer|Integration.Consumer.ResponseHandler.CodatResponseHandler 
2022-03-14 23:07:23.3714||INFO|Zenoti.MessageBroker.Kafka.Consumer.KafkaBackgroundConsumer|Integration.Consumer.ResponseHandler.CodatResponseHandler 
2022-03-14 23:07:24.3872||INFO|Zenoti.MessageBroker.Kafka.Consumer.KafkaBackgroundConsumer|Integration.Consumer.ResponseHandler.CodatResponseHandler 
2022-03-14 23:07:25.3932||INFO|Zenoti.MessageBroker.Kafka.Consumer.KafkaBackgroundConsumer|Integration.Consumer.ResponseHandler.CodatResponseHandler 
2022-03-14 23:11:05.2388||INFO|Zenoti.MessageBroker.Kafka.Consumer.KafkaBackgroundConsumer|Integration.Consumer.ResponseHandler.CodatResponseHandler 
2022-03-14 23:11:06.3593||INFO|Zenoti.MessageBroker.Kafka.Consumer.KafkaBackgroundConsumer|Integration.Consumer.ResponseHandler.CodatResponseHandler 
2022-03-14 23:11:07.3641||INFO|Zenoti.MessageBroker.Kafka.Consumer.KafkaBackgroundConsumer|Integration.Consumer.ResponseHandler.CodatResponseHandler 
2022-03-14 23:11:08.3770||INFO|Zenoti.MessageBroker.Kafka.Consumer.KafkaBackgroundConsumer|Integration.Consumer.ResponseHandler.CodatResponseHandler 
2022-03-14 23:11:09.3954||INFO|Zenoti.MessageBroker.Kafka.Consumer.KafkaBackgroundConsumer|Integration.Consumer.ResponseHandler.CodatResponseHandler 
2022-03-14 23:11:10.4079||INFO|Zenoti.MessageBroker.Kafka.Consumer.KafkaBackgroundConsumer|Integration.Consumer.ResponseHandler.CodatResponseHandler 
2022-03-14 23:11:11.4225||INFO|Zenoti.MessageBroker.Kafka.Consumer.KafkaBackgroundConsumer|Integration.Consumer.ResponseHandler.CodatResponseHandler 
2022-03-14 23:11:12.4394||INFO|Zenoti.MessageBroker.Kafka.Consumer.KafkaBackgroundConsumer|Integration.Consumer.ResponseHandler.CodatResponseHandler 
2022-03-14 23:11:13.4582||INFO|Zenoti.MessageBroker.Kafka.Consumer.KafkaBackgroundConsumer|Integration.Consumer.ResponseHandler.CodatResponseHandler 
2022-03-14 23:11:14.4695||INFO|Zenoti.MessageBroker.Kafka.Consumer.KafkaBackgroundConsumer|Integration.Consumer.ResponseHandler.CodatResponseHandler 
2022-03-14 23:11:15.4889||INFO|Zenoti.MessageBroker.Kafka.Consumer.KafkaBackgroundConsumer|Integration.Consumer.ResponseHandler.CodatResponseHandler 
2022-03-14 23:11:16.4982||INFO|Zenoti.MessageBroker.Kafka.Consumer.KafkaBackgroundConsumer|Integration.Consumer.ResponseHandler.CodatResponseHandler 
2022-03-14 23:11:17.5143||INFO|Zenoti.MessageBroker.Kafka.Consumer.KafkaBackgroundConsumer|Integration.Consumer.ResponseHandler.CodatResponseHandler 
2022-03-14 23:11:18.5292||INFO|Zenoti.MessageBroker.Kafka.Consumer.KafkaBackgroundConsumer|Integration.Consumer.ResponseHandler.CodatResponseHandler 
2022-03-14 23:11:19.5485||INFO|Zenoti.MessageBroker.Kafka.Consumer.KafkaBackgroundConsumer|Integration.Consumer.ResponseHandler.CodatResponseHandler 
2022-03-14 23:11:20.5663||INFO|Zenoti.MessageBroker.Kafka.Consumer.KafkaBackgroundConsumer|Integration.Consumer.ResponseHandler.CodatResponseHandler 
2022-03-14 23:11:21.5791||INFO|Zenoti.MessageBroker.Kafka.Consumer.KafkaBackgroundConsumer|Integration.Consumer.ResponseHandler.CodatResponseHandler 
2022-03-14 23:11:22.5850||INFO|Zenoti.MessageBroker.Kafka.Consumer.KafkaBackgroundConsumer|Integration.Consumer.ResponseHandler.CodatResponseHandler 
2022-03-14 23:11:23.5996||INFO|Zenoti.MessageBroker.Kafka.Consumer.KafkaBackgroundConsumer|Integration.Consumer.ResponseHandler.CodatResponseHandler 
2022-03-14 23:11:24.6184||INFO|Zenoti.MessageBroker.Kafka.Consumer.KafkaBackgroundConsumer|Integration.Consumer.ResponseHandler.CodatResponseHandler 
2022-03-14 23:11:25.6244||INFO|Zenoti.MessageBroker.Kafka.Consumer.KafkaBackgroundConsumer|Integration.Consumer.ResponseHandler.CodatResponseHandler 
2022-03-14 23:11:26.6295||INFO|Zenoti.MessageBroker.Kafka.Consumer.KafkaBackgroundConsumer|Integration.Consumer.ResponseHandler.CodatResponseHandler 
2022-03-14 23:11:27.6500||INFO|Zenoti.MessageBroker.Kafka.Consumer.KafkaBackgroundConsumer|Integration.Consumer.ResponseHandler.CodatResponseHandler 
2022-03-14 23:11:28.6582||INFO|Zenoti.MessageBroker.Kafka.Consumer.KafkaBackgroundConsumer|Integration.Consumer.ResponseHandler.CodatResponseHandler 
2022-03-14 23:11:29.6742||INFO|Zenoti.MessageBroker.Kafka.Consumer.KafkaBackgroundConsumer|Integration.Consumer.ResponseHandler.CodatResponseHandler 
2022-03-14 23:11:30.6883||INFO|Zenoti.MessageBroker.Kafka.Consumer.KafkaBackgroundConsumer|Integration.Consumer.ResponseHandler.CodatResponseHandler 
2022-03-14 23:11:31.6911||INFO|Zenoti.MessageBroker.Kafka.Consumer.KafkaBackgroundConsumer|Integration.Consumer.ResponseHandler.CodatResponseHandler 
2022-03-14 23:11:32.7053||INFO|Zenoti.MessageBroker.Kafka.Consumer.KafkaBackgroundConsumer|Integration.Consumer.ResponseHandler.CodatResponseHandler 
2022-03-14 23:11:33.7187||INFO|Zenoti.MessageBroker.Kafka.Consumer.KafkaBackgroundConsumer|Integration.Consumer.ResponseHandler.CodatResponseHandler 
2022-03-14 23:11:34.7235||INFO|Zenoti.MessageBroker.Kafka.Consumer.KafkaBackgroundConsumer|Integration.Consumer.ResponseHandler.CodatResponseHandler 
2022-03-14 23:11:35.7402||INFO|Zenoti.MessageBroker.Kafka.Consumer.KafkaBackgroundConsumer|Integration.Consumer.ResponseHandler.CodatResponseHandler 
2022-03-14 23:11:36.7561||INFO|Zenoti.MessageBroker.Kafka.Consumer.KafkaBackgroundConsumer|Integration.Consumer.ResponseHandler.CodatResponseHandler 
2022-03-14 23:11:37.7644||INFO|Zenoti.MessageBroker.Kafka.Consumer.KafkaBackgroundConsumer|Integration.Consumer.ResponseHandler.CodatResponseHandler 
2022-03-14 23:11:38.7672||INFO|Zenoti.MessageBroker.Kafka.Consumer.KafkaBackgroundConsumer|Integration.Consumer.ResponseHandler.CodatResponseHandler 
2022-03-14 23:11:39.7730||INFO|Zenoti.MessageBroker.Kafka.Consumer.KafkaBackgroundConsumer|Integration.Consumer.ResponseHandler.CodatResponseHandler 
2022-03-14 23:11:40.7793||INFO|Zenoti.MessageBroker.Kafka.Consumer.KafkaBackgroundConsumer|Integration.Consumer.ResponseHandler.CodatResponseHandler 
2022-03-14 23:11:41.7812||INFO|Zenoti.MessageBroker.Kafka.Consumer.KafkaBackgroundConsumer|Integration.Consumer.ResponseHandler.CodatResponseHandler 
2022-03-14 23:11:42.7983||INFO|Zenoti.MessageBroker.Kafka.Consumer.KafkaBackgroundConsumer|Integration.Consumer.ResponseHandler.CodatResponseHandler 
2022-03-14 23:11:43.8020||INFO|Zenoti.MessageBroker.Kafka.Consumer.KafkaBackgroundConsumer|Integration.Consumer.ResponseHandler.CodatResponseHandler 
2022-03-14 23:11:44.8207||INFO|Zenoti.MessageBroker.Kafka.Consumer.KafkaBackgroundConsumer|Integration.Consumer.ResponseHandler.CodatResponseHandler 
2022-03-14 23:11:45.8270||INFO|Zenoti.MessageBroker.Kafka.Consumer.KafkaBackgroundConsumer|Integration.Consumer.ResponseHandler.CodatResponseHandler 
2022-03-14 23:11:46.8305||INFO|Zenoti.MessageBroker.Kafka.Consumer.KafkaBackgroundConsumer|Integration.Consumer.ResponseHandler.CodatResponseHandler 
2022-03-14 23:11:47.8353||INFO|Zenoti.MessageBroker.Kafka.Consumer.KafkaBackgroundConsumer|Integration.Consumer.ResponseHandler.CodatResponseHandler 
2022-03-14 23:11:48.8390||INFO|Zenoti.MessageBroker.Kafka.Consumer.KafkaBackgroundConsumer|Integration.Consumer.ResponseHandler.CodatResponseHandler 
2022-03-14 23:11:49.8521||INFO|Zenoti.MessageBroker.Kafka.Consumer.KafkaBackgroundConsumer|Integration.Consumer.ResponseHandler.CodatResponseHandler 
2022-03-14 23:11:50.8617||INFO|Zenoti.MessageBroker.Kafka.Consumer.KafkaBackgroundConsumer|Integration.Consumer.ResponseHandler.CodatResponseHandler 
2022-03-14 23:11:51.8769||INFO|Zenoti.MessageBroker.Kafka.Consumer.KafkaBackgroundConsumer|Integration.Consumer.ResponseHandler.CodatResponseHandler 
2022-03-14 23:11:52.8942||INFO|Zenoti.MessageBroker.Kafka.Consumer.KafkaBackgroundConsumer|Integration.Consumer.ResponseHandler.CodatResponseHandler 
2022-03-14 23:11:53.8998||INFO|Zenoti.MessageBroker.Kafka.Consumer.KafkaBackgroundConsumer|Integration.Consumer.ResponseHandler.CodatResponseHandler 
2022-03-14 23:11:54.9114||INFO|Zenoti.MessageBroker.Kafka.Consumer.KafkaBackgroundConsumer|Integration.Consumer.ResponseHandler.CodatResponseHandler 
2022-03-14 23:11:55.9264||INFO|Zenoti.MessageBroker.Kafka.Consumer.KafkaBackgroundConsumer|Integration.Consumer.ResponseHandler.CodatResponseHandler 
2022-03-14 23:11:56.9403||INFO|Zenoti.MessageBroker.Kafka.Consumer.KafkaBackgroundConsumer|Integration.Consumer.ResponseHandler.CodatResponseHandler 
2022-03-14 23:11:57.9460||INFO|Zenoti.MessageBroker.Kafka.Consumer.KafkaBackgroundConsumer|Integration.Consumer.ResponseHandler.CodatResponseHandler 
2022-03-14 23:11:58.9512||INFO|Zenoti.MessageBroker.Kafka.Consumer.KafkaBackgroundConsumer|Integration.Consumer.ResponseHandler.CodatResponseHandler 
2022-03-14 23:11:59.9563||INFO|Zenoti.MessageBroker.Kafka.Consumer.KafkaBackgroundConsumer|Integration.Consumer.ResponseHandler.CodatResponseHandler 
2022-03-14 23:12:00.9602||INFO|Zenoti.MessageBroker.Kafka.Consumer.KafkaBackgroundConsumer|Integration.Consumer.ResponseHandler.CodatResponseHandler 
2022-03-14 23:12:01.9670||INFO|Zenoti.MessageBroker.Kafka.Consumer.KafkaBackgroundConsumer|Integration.Consumer.ResponseHandler.CodatResponseHandler 
2022-03-14 23:12:02.9744||INFO|Zenoti.MessageBroker.Kafka.Consumer.KafkaBackgroundConsumer|Integration.Consumer.ResponseHandler.CodatResponseHandler 
2022-03-14 23:12:03.9891||INFO|Zenoti.MessageBroker.Kafka.Consumer.KafkaBackgroundConsumer|Integration.Consumer.ResponseHandler.CodatResponseHandler 
2022-03-14 23:12:05.0106||INFO|Zenoti.MessageBroker.Kafka.Consumer.KafkaBackgroundConsumer|Integration.Consumer.ResponseHandler.CodatResponseHandler 
2022-03-14 23:12:06.0242||INFO|Zenoti.MessageBroker.Kafka.Consumer.KafkaBackgroundConsumer|Integration.Consumer.ResponseHandler.CodatResponseHandler 
2022-03-14 23:12:07.0305||INFO|Zenoti.MessageBroker.Kafka.Consumer.KafkaBackgroundConsumer|Integration.Consumer.ResponseHandler.CodatResponseHandler 
2022-03-14 23:12:08.0468||INFO|Zenoti.MessageBroker.Kafka.Consumer.KafkaBackgroundConsumer|Integration.Consumer.ResponseHandler.CodatResponseHandler 
2022-03-14 23:12:09.0548||INFO|Zenoti.MessageBroker.Kafka.Consumer.KafkaBackgroundConsumer|Integration.Consumer.ResponseHandler.CodatResponseHandler 
2022-03-14 23:12:10.0614||INFO|Zenoti.MessageBroker.Kafka.Consumer.KafkaBackgroundConsumer|Integration.Consumer.ResponseHandler.CodatResponseHandler 
2022-03-14 23:12:11.0752||INFO|Zenoti.MessageBroker.Kafka.Consumer.KafkaBackgroundConsumer|Integration.Consumer.ResponseHandler.CodatResponseHandler 
2022-03-14 23:12:12.1025||INFO|Zenoti.MessageBroker.Kafka.Consumer.KafkaBackgroundConsumer|Integration.Consumer.ResponseHandler.CodatResponseHandler 
2022-03-14 23:12:13.1209||INFO|Zenoti.MessageBroker.Kafka.Consumer.KafkaBackgroundConsumer|Integration.Consumer.ResponseHandler.CodatResponseHandler 
2022-03-14 23:12:14.1362||INFO|Zenoti.MessageBroker.Kafka.Consumer.KafkaBackgroundConsumer|Integration.Consumer.ResponseHandler.CodatResponseHandler 
2022-03-14 23:15:40.1371||INFO|Zenoti.MessageBroker.Kafka.Consumer.KafkaBackgroundConsumer|Integration.Consumer.ResponseHandler.CodatResponseHandler 
2022-03-14 23:15:40.1371||INFO|Zenoti.MessageBroker.Kafka.Consumer.KafkaBackgroundConsumer|Integration.Consumer.ResponseHandler.CodatResponseHandler1 
2022-03-14 23:15:40.9413||INFO|Microsoft.Hosting.Lifetime|Application started. Press Ctrl+C to shut down. 
2022-03-14 23:15:40.9413||INFO|Microsoft.Hosting.Lifetime|Hosting environment: Development 
2022-03-14 23:15:40.9888||INFO|Microsoft.Hosting.Lifetime|Content root path: C:\Users\kopallia\Desktop\Bitbucket\QueueService\Integration.Consumer 
2022-03-14 23:15:41.3290||INFO|Zenoti.MessageBroker.Kafka.Consumer.KafkaBackgroundConsumer|Integration.Consumer.ResponseHandler.CodatResponseHandler1 
2022-03-14 23:15:41.3290||INFO|Zenoti.MessageBroker.Kafka.Consumer.KafkaBackgroundConsumer|Integration.Consumer.ResponseHandler.CodatResponseHandler 
2022-03-14 23:15:42.3433||INFO|Zenoti.MessageBroker.Kafka.Consumer.KafkaBackgroundConsumer|Integration.Consumer.ResponseHandler.CodatResponseHandler1 
2022-03-14 23:15:42.3463||INFO|Zenoti.MessageBroker.Kafka.Consumer.KafkaBackgroundConsumer|Integration.Consumer.ResponseHandler.CodatResponseHandler 
2022-03-14 23:15:43.3548||INFO|Zenoti.MessageBroker.Kafka.Consumer.KafkaBackgroundConsumer|Integration.Consumer.ResponseHandler.CodatResponseHandler 
2022-03-14 23:15:43.3548||INFO|Zenoti.MessageBroker.Kafka.Consumer.KafkaBackgroundConsumer|Integration.Consumer.ResponseHandler.CodatResponseHandler1 
2022-03-14 23:15:44.3695||INFO|Zenoti.MessageBroker.Kafka.Consumer.KafkaBackgroundConsumer|Integration.Consumer.ResponseHandler.CodatResponseHandler1 
2022-03-14 23:15:44.3695||INFO|Zenoti.MessageBroker.Kafka.Consumer.KafkaBackgroundConsumer|Integration.Consumer.ResponseHandler.CodatResponseHandler 
2022-03-14 23:15:45.3860||INFO|Zenoti.MessageBroker.Kafka.Consumer.KafkaBackgroundConsumer|Integration.Consumer.ResponseHandler.CodatResponseHandler1 
2022-03-14 23:15:45.3860||INFO|Zenoti.MessageBroker.Kafka.Consumer.KafkaBackgroundConsumer|Integration.Consumer.ResponseHandler.CodatResponseHandler 
2022-03-14 23:15:46.4012||INFO|Zenoti.MessageBroker.Kafka.Consumer.KafkaBackgroundConsumer|Integration.Consumer.ResponseHandler.CodatResponseHandler 
2022-03-14 23:15:46.4012||INFO|Zenoti.MessageBroker.Kafka.Consumer.KafkaBackgroundConsumer|Integration.Consumer.ResponseHandler.CodatResponseHandler1 
2022-03-14 23:15:47.4047||INFO|Zenoti.MessageBroker.Kafka.Consumer.KafkaBackgroundConsumer|Integration.Consumer.ResponseHandler.CodatResponseHandler 
2022-03-14 23:15:47.4202||INFO|Zenoti.MessageBroker.Kafka.Consumer.KafkaBackgroundConsumer|Integration.Consumer.ResponseHandler.CodatResponseHandler1 
2022-03-14 23:15:48.4222||INFO|Zenoti.MessageBroker.Kafka.Consumer.KafkaBackgroundConsumer|Integration.Consumer.ResponseHandler.CodatResponseHandler 
2022-03-14 23:15:48.4372||INFO|Zenoti.MessageBroker.Kafka.Consumer.KafkaBackgroundConsumer|Integration.Consumer.ResponseHandler.CodatResponseHandler1 
2022-03-14 23:15:48.9045||ERROR|Microsoft.AspNetCore.Diagnostics.DeveloperExceptionPageMiddleware|An unhandled exception has occurred while executing the request. Unable to resolve service for type 'System.Collections.Generic.List`1[Microsoft.Extensions.Hosting.IHostedService]' while attempting to activate 'Integration.Consumer.Controllers.HomeController'.
2022-03-14 23:15:49.4398||INFO|Zenoti.MessageBroker.Kafka.Consumer.KafkaBackgroundConsumer|Integration.Consumer.ResponseHandler.CodatResponseHandler 
2022-03-14 23:15:49.4553||INFO|Zenoti.MessageBroker.Kafka.Consumer.KafkaBackgroundConsumer|Integration.Consumer.ResponseHandler.CodatResponseHandler1 
2022-03-14 23:15:50.5610||INFO|Zenoti.MessageBroker.Kafka.Consumer.KafkaBackgroundConsumer|Integration.Consumer.ResponseHandler.CodatResponseHandler 
2022-03-14 23:15:50.5973||INFO|Zenoti.MessageBroker.Kafka.Consumer.KafkaBackgroundConsumer|Integration.Consumer.ResponseHandler.CodatResponseHandler1 
2022-03-14 23:15:51.6413||INFO|Zenoti.MessageBroker.Kafka.Consumer.KafkaBackgroundConsumer|Integration.Consumer.ResponseHandler.CodatResponseHandler 
2022-03-14 23:15:51.6709||INFO|Zenoti.MessageBroker.Kafka.Consumer.KafkaBackgroundConsumer|Integration.Consumer.ResponseHandler.CodatResponseHandler1 
2022-03-14 23:15:52.6572||INFO|Zenoti.MessageBroker.Kafka.Consumer.KafkaBackgroundConsumer|Integration.Consumer.ResponseHandler.CodatResponseHandler 
2022-03-14 23:15:52.6875||INFO|Zenoti.MessageBroker.Kafka.Consumer.KafkaBackgroundConsumer|Integration.Consumer.ResponseHandler.CodatResponseHandler1 
2022-03-14 23:15:53.6708||INFO|Zenoti.MessageBroker.Kafka.Consumer.KafkaBackgroundConsumer|Integration.Consumer.ResponseHandler.CodatResponseHandler 
2022-03-14 23:15:53.7015||INFO|Zenoti.MessageBroker.Kafka.Consumer.KafkaBackgroundConsumer|Integration.Consumer.ResponseHandler.CodatResponseHandler1 
2022-03-14 23:15:54.6746||INFO|Zenoti.MessageBroker.Kafka.Consumer.KafkaBackgroundConsumer|Integration.Consumer.ResponseHandler.CodatResponseHandler 
2022-03-14 23:15:54.7196||INFO|Zenoti.MessageBroker.Kafka.Consumer.KafkaBackgroundConsumer|Integration.Consumer.ResponseHandler.CodatResponseHandler1 
2022-03-14 23:15:55.6927||INFO|Zenoti.MessageBroker.Kafka.Consumer.KafkaBackgroundConsumer|Integration.Consumer.ResponseHandler.CodatResponseHandler 
2022-03-14 23:15:55.7214||INFO|Zenoti.MessageBroker.Kafka.Consumer.KafkaBackgroundConsumer|Integration.Consumer.ResponseHandler.CodatResponseHandler1 
2022-03-14 23:15:56.7081||INFO|Zenoti.MessageBroker.Kafka.Consumer.KafkaBackgroundConsumer|Integration.Consumer.ResponseHandler.CodatResponseHandler 
2022-03-14 23:15:56.7381||INFO|Zenoti.MessageBroker.Kafka.Consumer.KafkaBackgroundConsumer|Integration.Consumer.ResponseHandler.CodatResponseHandler1 
2022-03-14 23:15:57.7233||INFO|Zenoti.MessageBroker.Kafka.Consumer.KafkaBackgroundConsumer|Integration.Consumer.ResponseHandler.CodatResponseHandler 
2022-03-14 23:15:57.7543||INFO|Zenoti.MessageBroker.Kafka.Consumer.KafkaBackgroundConsumer|Integration.Consumer.ResponseHandler.CodatResponseHandler1 
2022-03-14 23:15:58.7409||INFO|Zenoti.MessageBroker.Kafka.Consumer.KafkaBackgroundConsumer|Integration.Consumer.ResponseHandler.CodatResponseHandler 
2022-03-14 23:15:58.7721||INFO|Zenoti.MessageBroker.Kafka.Consumer.KafkaBackgroundConsumer|Integration.Consumer.ResponseHandler.CodatResponseHandler1 
2022-03-14 23:15:59.7583||INFO|Zenoti.MessageBroker.Kafka.Consumer.KafkaBackgroundConsumer|Integration.Consumer.ResponseHandler.CodatResponseHandler 
2022-03-14 23:15:59.7897||INFO|Zenoti.MessageBroker.Kafka.Consumer.KafkaBackgroundConsumer|Integration.Consumer.ResponseHandler.CodatResponseHandler1 
2022-03-14 23:16:00.7704||INFO|Zenoti.MessageBroker.Kafka.Consumer.KafkaBackgroundConsumer|Integration.Consumer.ResponseHandler.CodatResponseHandler 
2022-03-14 23:16:00.8011||INFO|Zenoti.MessageBroker.Kafka.Consumer.KafkaBackgroundConsumer|Integration.Consumer.ResponseHandler.CodatResponseHandler1 
2022-03-14 23:16:01.7786||INFO|Zenoti.MessageBroker.Kafka.Consumer.KafkaBackgroundConsumer|Integration.Consumer.ResponseHandler.CodatResponseHandler 
2022-03-14 23:16:01.8244||INFO|Zenoti.MessageBroker.Kafka.Consumer.KafkaBackgroundConsumer|Integration.Consumer.ResponseHandler.CodatResponseHandler1 
2022-03-14 23:16:02.7901||INFO|Zenoti.MessageBroker.Kafka.Consumer.KafkaBackgroundConsumer|Integration.Consumer.ResponseHandler.CodatResponseHandler 
2022-03-14 23:16:02.8352||INFO|Zenoti.MessageBroker.Kafka.Consumer.KafkaBackgroundConsumer|Integration.Consumer.ResponseHandler.CodatResponseHandler1 
2022-03-14 23:16:03.7947||INFO|Zenoti.MessageBroker.Kafka.Consumer.KafkaBackgroundConsumer|Integration.Consumer.ResponseHandler.CodatResponseHandler 
2022-03-14 23:16:03.8408||INFO|Zenoti.MessageBroker.Kafka.Consumer.KafkaBackgroundConsumer|Integration.Consumer.ResponseHandler.CodatResponseHandler1 
2022-03-14 23:16:04.7976||INFO|Zenoti.MessageBroker.Kafka.Consumer.KafkaBackgroundConsumer|Integration.Consumer.ResponseHandler.CodatResponseHandler 
2022-03-14 23:16:04.8588||INFO|Zenoti.MessageBroker.Kafka.Consumer.KafkaBackgroundConsumer|Integration.Consumer.ResponseHandler.CodatResponseHandler1 
2022-03-14 23:16:05.8021||INFO|Zenoti.MessageBroker.Kafka.Consumer.KafkaBackgroundConsumer|Integration.Consumer.ResponseHandler.CodatResponseHandler 
2022-03-14 23:16:05.8621||INFO|Zenoti.MessageBroker.Kafka.Consumer.KafkaBackgroundConsumer|Integration.Consumer.ResponseHandler.CodatResponseHandler1 
2022-03-14 23:16:06.8172||INFO|Zenoti.MessageBroker.Kafka.Consumer.KafkaBackgroundConsumer|Integration.Consumer.ResponseHandler.CodatResponseHandler 
2022-03-14 23:16:06.8793||INFO|Zenoti.MessageBroker.Kafka.Consumer.KafkaBackgroundConsumer|Integration.Consumer.ResponseHandler.CodatResponseHandler1 
2022-03-14 23:16:07.8221||INFO|Zenoti.MessageBroker.Kafka.Consumer.KafkaBackgroundConsumer|Integration.Consumer.ResponseHandler.CodatResponseHandler 
2022-03-14 23:16:07.8863||INFO|Zenoti.MessageBroker.Kafka.Consumer.KafkaBackgroundConsumer|Integration.Consumer.ResponseHandler.CodatResponseHandler1 
2022-03-14 23:16:08.8290||INFO|Zenoti.MessageBroker.Kafka.Consumer.KafkaBackgroundConsumer|Integration.Consumer.ResponseHandler.CodatResponseHandler 
2022-03-14 23:16:08.9071||INFO|Zenoti.MessageBroker.Kafka.Consumer.KafkaBackgroundConsumer|Integration.Consumer.ResponseHandler.CodatResponseHandler1 
2022-03-14 23:16:09.8351||INFO|Zenoti.MessageBroker.Kafka.Consumer.KafkaBackgroundConsumer|Integration.Consumer.ResponseHandler.CodatResponseHandler 
2022-03-14 23:16:09.9132||INFO|Zenoti.MessageBroker.Kafka.Consumer.KafkaBackgroundConsumer|Integration.Consumer.ResponseHandler.CodatResponseHandler1 
2022-03-14 23:16:10.8531||INFO|Zenoti.MessageBroker.Kafka.Consumer.KafkaBackgroundConsumer|Integration.Consumer.ResponseHandler.CodatResponseHandler 
2022-03-14 23:16:10.9322||INFO|Zenoti.MessageBroker.Kafka.Consumer.KafkaBackgroundConsumer|Integration.Consumer.ResponseHandler.CodatResponseHandler1 
2022-03-14 23:16:11.8689||INFO|Zenoti.MessageBroker.Kafka.Consumer.KafkaBackgroundConsumer|Integration.Consumer.ResponseHandler.CodatResponseHandler 
2022-03-14 23:16:11.9462||INFO|Zenoti.MessageBroker.Kafka.Consumer.KafkaBackgroundConsumer|Integration.Consumer.ResponseHandler.CodatResponseHandler1 
2022-03-14 23:16:12.8823||INFO|Zenoti.MessageBroker.Kafka.Consumer.KafkaBackgroundConsumer|Integration.Consumer.ResponseHandler.CodatResponseHandler 
2022-03-14 23:16:12.9592||INFO|Zenoti.MessageBroker.Kafka.Consumer.KafkaBackgroundConsumer|Integration.Consumer.ResponseHandler.CodatResponseHandler1 
2022-03-14 23:16:21.7745||INFO|Zenoti.MessageBroker.Kafka.Consumer.KafkaBackgroundConsumer|Integration.Consumer.ResponseHandler.CodatResponseHandler 
